2018-05-27 21:23:14 DEBUG RequestAddCookies:123 - CookieSpec selected: default
2018-05-27 21:23:14 DEBUG RequestAuthCache:77 - Auth cache not set in the context
2018-05-27 21:23:14 DEBUG PoolingHttpClientConnectionManager:255 - Connection request: [route: {}->http://localhost:8153][total kept alive: 0; route allocated: 0 of 2000; total allocated: 0 of 2000]
2018-05-27 21:23:14 DEBUG PoolingHttpClientConnectionManager:288 - Connection leased: [id: 0][route: {}->http://localhost:8153][total kept alive: 0; route allocated: 1 of 2000; total allocated: 1 of 2000]
2018-05-27 21:23:14 DEBUG MainClientExec:235 - Opening connection {}->http://localhost:8153
2018-05-27 21:23:14 DEBUG DefaultHttpClientConnectionOperator:139 - Connecting to localhost/127.0.0.1:8153
2018-05-27 21:23:14 DEBUG DefaultHttpClientConnectionOperator:146 - Connection established 127.0.0.1:12476<->127.0.0.1:8153
2018-05-27 21:23:14 DEBUG DefaultManagedHttpClientConnection:88 - http-outgoing-0: set socket timeout to 10800000
2018-05-27 21:23:14 DEBUG MainClientExec:256 - Executing request POST /session HTTP/1.1
2018-05-27 21:23:14 DEBUG MainClientExec:261 - Target auth state: UNCHALLENGED
2018-05-27 21:23:14 DEBUG MainClientExec:267 - Proxy auth state: UNCHALLENGED
2018-05-27 21:23:14 DEBUG headers:133 - http-outgoing-0 >> POST /session HTTP/1.1
2018-05-27 21:23:14 DEBUG headers:136 - http-outgoing-0 >> Content-Type: application/json; charset=utf-8
2018-05-27 21:23:14 DEBUG headers:136 - http-outgoing-0 >> Content-Length: 335
2018-05-27 21:23:14 DEBUG headers:136 - http-outgoing-0 >> Host: localhost:8153
2018-05-27 21:23:14 DEBUG headers:136 - http-outgoing-0 >> Connection: Keep-Alive
2018-05-27 21:23:14 DEBUG headers:136 - http-outgoing-0 >> User-Agent: Apache-HttpClient/4.5.3 (Java/1.8.0_171)
2018-05-27 21:23:14 DEBUG headers:136 - http-outgoing-0 >> Accept-Encoding: gzip,deflate
2018-05-27 21:23:14 DEBUG wire:73 - http-outgoing-0 >> "POST /session HTTP/1.1[\r][\n]"
2018-05-27 21:23:14 DEBUG wire:73 - http-outgoing-0 >> "Content-Type: application/json; charset=utf-8[\r][\n]"
2018-05-27 21:23:14 DEBUG wire:73 - http-outgoing-0 >> "Content-Length: 335[\r][\n]"
2018-05-27 21:23:14 DEBUG wire:73 - http-outgoing-0 >> "Host: localhost:8153[\r][\n]"
2018-05-27 21:23:14 DEBUG wire:73 - http-outgoing-0 >> "Connection: Keep-Alive[\r][\n]"
2018-05-27 21:23:14 DEBUG wire:73 - http-outgoing-0 >> "User-Agent: Apache-HttpClient/4.5.3 (Java/1.8.0_171)[\r][\n]"
2018-05-27 21:23:14 DEBUG wire:73 - http-outgoing-0 >> "Accept-Encoding: gzip,deflate[\r][\n]"
2018-05-27 21:23:14 DEBUG wire:73 - http-outgoing-0 >> "[\r][\n]"
2018-05-27 21:23:14 DEBUG wire:73 - http-outgoing-0 >> "{[\n]"
2018-05-27 21:23:14 DEBUG wire:73 - http-outgoing-0 >> "  "desiredCapabilities": {"browserName":"chrome","goog:chromeOptions":{"args":[],"extensions":[]}},[\n]"
2018-05-27 21:23:14 DEBUG wire:73 - http-outgoing-0 >> "  "capabilities": {[\n]"
2018-05-27 21:23:14 DEBUG wire:73 - http-outgoing-0 >> "    "desiredCapabilities": {"browserName":"chrome","goog:chromeOptions":{"args":[],"extensions":[]}},[\n]"
2018-05-27 21:23:14 DEBUG wire:73 - http-outgoing-0 >> "    "firstMatch": [[\n]"
2018-05-27 21:23:14 DEBUG wire:73 - http-outgoing-0 >> "      {"browserName":"chrome","goog:chromeOptions":{"args":[],"extensions":[]}}[\n]"
2018-05-27 21:23:14 DEBUG wire:73 - http-outgoing-0 >> "    ][\n]"
2018-05-27 21:23:14 DEBUG wire:73 - http-outgoing-0 >> "  }[\n]"
2018-05-27 21:23:14 DEBUG wire:87 - http-outgoing-0 >> "}"
2018-05-27 21:23:15 DEBUG wire:73 - http-outgoing-0 << "HTTP/1.1 200 OK[\r][\n]"
2018-05-27 21:23:15 DEBUG wire:73 - http-outgoing-0 << "Content-Length:830[\r][\n]"
2018-05-27 21:23:15 DEBUG wire:73 - http-outgoing-0 << "Content-Type:application/json; charset=utf-8[\r][\n]"
2018-05-27 21:23:15 DEBUG wire:73 - http-outgoing-0 << "[\r][\n]"
2018-05-27 21:23:15 DEBUG wire:87 - http-outgoing-0 << "{"sessionId":"8b6a3033d6bcd889a5bea3b875f74a8a","status":0,"value":{"acceptInsecureCerts":false,"acceptSslCerts":false,"applicationCacheEnabled":false,"browserConnectionEnabled":false,"browserName":"chrome","chrome":{"chromedriverVersion":"2.38.552522 (437e6fbedfa8762dec75e2c5b3ddb86763dc9dcb)","userDataDir":"C:\\Users\\Adalah\\AppData\\Local\\Temp\\scoped_dir4104_21955"},"cssSelectorsEnabled":true,"databaseEnabled":false,"handlesAlerts":true,"hasTouchScreen":false,"javascriptEnabled":true,"locationContextEnabled":true,"mobileEmulationEnabled":false,"nativeEvents":true,"networkConnectionEnabled":false,"pageLoadStrategy":"normal","platform":"Windows NT","rotatable":false,"setWindowRect":true,"takesHeapSnapshot":true,"takesScreenshot":true,"unexpectedAlertBehaviour":"","version":"66.0.3359.181","webStorageEnabled":true}}"
2018-05-27 21:23:15 DEBUG headers:122 - http-outgoing-0 << HTTP/1.1 200 OK
2018-05-27 21:23:15 DEBUG headers:125 - http-outgoing-0 << Content-Length:830
2018-05-27 21:23:15 DEBUG headers:125 - http-outgoing-0 << Content-Type:application/json; charset=utf-8
2018-05-27 21:23:15 DEBUG MainClientExec:285 - Connection can be kept alive indefinitely
2018-05-27 21:23:15 DEBUG PoolingHttpClientConnectionManager:320 - Connection [id: 0][route: {}->http://localhost:8153] can be kept alive indefinitely
2018-05-27 21:23:15 DEBUG PoolingHttpClientConnectionManager:326 - Connection released: [id: 0][route: {}->http://localhost:8153][total kept alive: 1; route allocated: 1 of 2000; total allocated: 1 of 2000]
2018-05-27 21:23:15 DEBUG RequestAddCookies:123 - CookieSpec selected: default
2018-05-27 21:23:15 DEBUG RequestAuthCache:77 - Auth cache not set in the context
2018-05-27 21:23:15 DEBUG PoolingHttpClientConnectionManager:255 - Connection request: [route: {}->http://localhost:8153][total kept alive: 1; route allocated: 1 of 2000; total allocated: 1 of 2000]
2018-05-27 21:23:15 DEBUG PoolingHttpClientConnectionManager:288 - Connection leased: [id: 0][route: {}->http://localhost:8153][total kept alive: 0; route allocated: 1 of 2000; total allocated: 1 of 2000]
2018-05-27 21:23:15 DEBUG MainClientExec:208 - Stale connection check
2018-05-27 21:23:15 DEBUG wire:87 - http-outgoing-0 << "[read] I/O error: Read timed out"
2018-05-27 21:23:15 DEBUG DefaultManagedHttpClientConnection:88 - http-outgoing-0: set socket timeout to 10800000
2018-05-27 21:23:15 DEBUG MainClientExec:256 - Executing request POST /session/8b6a3033d6bcd889a5bea3b875f74a8a/window/current/maximize HTTP/1.1
2018-05-27 21:23:15 DEBUG MainClientExec:261 - Target auth state: UNCHALLENGED
2018-05-27 21:23:15 DEBUG MainClientExec:267 - Proxy auth state: UNCHALLENGED
2018-05-27 21:23:15 DEBUG headers:133 - http-outgoing-0 >> POST /session/8b6a3033d6bcd889a5bea3b875f74a8a/window/current/maximize HTTP/1.1
2018-05-27 21:23:15 DEBUG headers:136 - http-outgoing-0 >> Content-Type: application/json; charset=utf-8
2018-05-27 21:23:15 DEBUG headers:136 - http-outgoing-0 >> Content-Length: 45
2018-05-27 21:23:15 DEBUG headers:136 - http-outgoing-0 >> Host: localhost:8153
2018-05-27 21:23:15 DEBUG headers:136 - http-outgoing-0 >> Connection: Keep-Alive
2018-05-27 21:23:15 DEBUG headers:136 - http-outgoing-0 >> User-Agent: Apache-HttpClient/4.5.3 (Java/1.8.0_171)
2018-05-27 21:23:15 DEBUG headers:136 - http-outgoing-0 >> Accept-Encoding: gzip,deflate
2018-05-27 21:23:15 DEBUG wire:73 - http-outgoing-0 >> "POST /session/8b6a3033d6bcd889a5bea3b875f74a8a/window/current/maximize HTTP/1.1[\r][\n]"
2018-05-27 21:23:15 DEBUG wire:73 - http-outgoing-0 >> "Content-Type: application/json; charset=utf-8[\r][\n]"
2018-05-27 21:23:15 DEBUG wire:73 - http-outgoing-0 >> "Content-Length: 45[\r][\n]"
2018-05-27 21:23:15 DEBUG wire:73 - http-outgoing-0 >> "Host: localhost:8153[\r][\n]"
2018-05-27 21:23:15 DEBUG wire:73 - http-outgoing-0 >> "Connection: Keep-Alive[\r][\n]"
2018-05-27 21:23:15 DEBUG wire:73 - http-outgoing-0 >> "User-Agent: Apache-HttpClient/4.5.3 (Java/1.8.0_171)[\r][\n]"
2018-05-27 21:23:15 DEBUG wire:73 - http-outgoing-0 >> "Accept-Encoding: gzip,deflate[\r][\n]"
2018-05-27 21:23:15 DEBUG wire:73 - http-outgoing-0 >> "[\r][\n]"
2018-05-27 21:23:15 DEBUG wire:87 - http-outgoing-0 >> "{"windowHandle":"current","handle":"current"}"
2018-05-27 21:24:13 WARN  LogHere:27 - Neat
2018-05-27 23:45:24 WARN  LogHere:27 - Neat
2018-05-27 23:51:56 WARN  LogHere:27 - Neat
2018-05-28 11:33:31 WARN  LogHere:27 - Neat
2018-05-28 11:56:28 WARN  LogHere:27 - Neat
2018-05-28 11:57:24 WARN  LogHere:27 - Neat
2018-05-28 12:00:28 WARN  LogHere:27 - Neat
2018-05-28 12:08:28 WARN  LogHere:27 - Neat
2018-05-28 12:17:57 WARN  LogHere:27 - Neat
2018-05-28 12:24:10 WARN  LogHere:27 - Neat
2018-05-28 12:24:37 WARN  LogHere:27 - Neat
